2020-08-04 16:29:40.723  INFO 9212 --- [main] com.test.demo.DemoApplication            : Starting DemoApplication on LAPTOP-4R8H4D1I with PID 9212 (C:\Users\SERJEY\Desktop\Work\test\target\classes started by SERJEY in C:\Users\SERJEY\Desktop\Work\test)
2020-08-04 16:29:40.738 DEBUG 9212 --- [main] com.test.demo.DemoApplication            : Running with Spring Boot v2.3.1.RELEASE, Spring v5.2.7.RELEASE
2020-08-04 16:29:40.739  INFO 9212 --- [main] com.test.demo.DemoApplication            : No active profile set, falling back to default profiles: default
2020-08-04 16:29:46.916  INFO 9212 --- [main] .s.d.r.c.RepositoryConfigurationDelegate : Bootstrapping Spring Data JPA repositories in DEFERRED mode.
2020-08-04 16:29:47.192  INFO 9212 --- [main] .s.d.r.c.RepositoryConfigurationDelegate : Finished Spring Data repository scanning in 226ms. Found 5 JPA repository interfaces.
2020-08-04 16:29:49.603  INFO 9212 --- [main] o.s.b.w.embedded.tomcat.TomcatWebServer  : Tomcat initialized with port(s): 8085 (http)
2020-08-04 16:29:49.648  INFO 9212 --- [main] o.apache.catalina.core.StandardService   : Starting service [Tomcat]
2020-08-04 16:29:49.650  INFO 9212 --- [main] org.apache.catalina.core.StandardEngine  : Starting Servlet engine: [Apache Tomcat/9.0.36]
2020-08-04 16:29:50.109  INFO 9212 --- [main] o.a.c.c.C.[Tomcat].[localhost].[/]       : Initializing Spring embedded WebApplicationContext
2020-08-04 16:29:50.110  INFO 9212 --- [main] w.s.c.ServletWebServerApplicationContext : Root WebApplicationContext: initialization completed in 8958 ms
2020-08-04 16:29:50.205 ERROR 9212 --- [main] o.s.b.web.embedded.tomcat.TomcatStarter  : Error starting Tomcat context. Exception: org.springframework.beans.factory.UnsatisfiedDependencyException. Message: Error creating bean with name 'securityConfig' defined in file [C:\Users\SERJEY\Desktop\Work\test\target\classes\com\test\demo\alcomarket\configuration\security\SecurityConfig.class]: Unsatisfied dependency expressed through constructor parameter 0; nested exception is org.springframework.beans.factory.UnsatisfiedDependencyException: Error creating bean with name 'appAuthenticationProvider' defined in file [C:\Users\SERJEY\Desktop\Work\test\target\classes\com\test\demo\alcomarket\security\provider\AppAuthenticationProvider.class]: Unsatisfied dependency expressed through constructor parameter 1; nested exception is org.springframework.beans.factory.BeanCurrentlyInCreationException: Error creating bean with name 'securityConfig': Requested bean is currently in creation: Is there an unresolvable circular reference?
2020-08-04 16:29:50.288  INFO 9212 --- [main] o.apache.catalina.core.StandardService   : Stopping service [Tomcat]
2020-08-04 16:29:50.327  WARN 9212 --- [main] ConfigServletWebServerApplicationContext : Exception encountered during context initialization - cancelling refresh attempt: org.springframework.context.ApplicationContextException: Unable to start web server; nested exception is org.springframework.boot.web.server.WebServerException: Unable to start embedded Tomcat
2020-08-04 16:29:50.347  INFO 9212 --- [main] ConditionEvaluationReportLoggingListener : 

Error starting ApplicationContext. To display the conditions report re-run your application with 'debug' enabled.
2020-08-04 16:29:50.353 ERROR 9212 --- [main] o.s.b.d.LoggingFailureAnalysisReporter   : 

***************************
APPLICATION FAILED TO START
***************************

Description:

The dependencies of some of the beans in the application context form a cycle:

┌─────┐
|  securityConfig defined in file [C:\Users\SERJEY\Desktop\Work\test\target\classes\com\test\demo\alcomarket\configuration\security\SecurityConfig.class]
↑     ↓
|  appAuthenticationProvider defined in file [C:\Users\SERJEY\Desktop\Work\test\target\classes\com\test\demo\alcomarket\security\provider\AppAuthenticationProvider.class]
└─────┘


2020-08-04 16:38:13.212  INFO 1648 --- [main] com.test.demo.DemoApplication            : Starting DemoApplication on LAPTOP-4R8H4D1I with PID 1648 (C:\Users\SERJEY\Desktop\Work\test\target\classes started by SERJEY in C:\Users\SERJEY\Desktop\Work\test)
2020-08-04 16:38:13.232 DEBUG 1648 --- [main] com.test.demo.DemoApplication            : Running with Spring Boot v2.3.1.RELEASE, Spring v5.2.7.RELEASE
2020-08-04 16:38:13.233  INFO 1648 --- [main] com.test.demo.DemoApplication            : No active profile set, falling back to default profiles: default
2020-08-04 16:38:18.412  INFO 1648 --- [main] .s.d.r.c.RepositoryConfigurationDelegate : Bootstrapping Spring Data JPA repositories in DEFERRED mode.
2020-08-04 16:38:18.716  INFO 1648 --- [main] .s.d.r.c.RepositoryConfigurationDelegate : Finished Spring Data repository scanning in 230ms. Found 5 JPA repository interfaces.
2020-08-04 16:38:20.851  INFO 1648 --- [main] o.s.b.w.embedded.tomcat.TomcatWebServer  : Tomcat initialized with port(s): 8085 (http)
2020-08-04 16:38:20.933  INFO 1648 --- [main] o.apache.catalina.core.StandardService   : Starting service [Tomcat]
2020-08-04 16:38:20.935  INFO 1648 --- [main] org.apache.catalina.core.StandardEngine  : Starting Servlet engine: [Apache Tomcat/9.0.36]
2020-08-04 16:38:21.557  INFO 1648 --- [main] o.a.c.c.C.[Tomcat].[localhost].[/]       : Initializing Spring embedded WebApplicationContext
2020-08-04 16:38:21.557  INFO 1648 --- [main] w.s.c.ServletWebServerApplicationContext : Root WebApplicationContext: initialization completed in 7640 ms
2020-08-04 16:38:21.808  WARN 1648 --- [main] JpaBaseConfiguration$JpaWebConfiguration : spring.jpa.open-in-view is enabled by default. Therefore, database queries may be performed during view rendering. Explicitly configure spring.jpa.open-in-view to disable this warning
2020-08-04 16:38:22.346  INFO 1648 --- [main] o.s.s.concurrent.ThreadPoolTaskExecutor  : Initializing ExecutorService 'applicationTaskExecutor'
2020-08-04 16:38:22.732  INFO 1648 --- [task-1] o.hibernate.jpa.internal.util.LogHelper  : HHH000204: Processing PersistenceUnitInfo [name: default]
2020-08-04 16:38:23.072  INFO 1648 --- [task-1] org.hibernate.Version                    : HHH000412: Hibernate ORM core version 5.4.17.Final
2020-08-04 16:38:24.308  INFO 1648 --- [task-1] o.hibernate.annotations.common.Version   : HCANN000001: Hibernate Commons Annotations {5.1.0.Final}
2020-08-04 16:38:25.069  INFO 1648 --- [task-1] com.zaxxer.hikari.HikariDataSource       : HikariPool-1 - Starting...
2020-08-04 16:38:26.208  INFO 1648 --- [main] pertySourcedRequestMappingHandlerMapping : Mapped URL path [/v2/api-docs] onto method [springfox.documentation.swagger2.web.Swagger2Controller#getDocumentation(String, HttpServletRequest)]
2020-08-04 16:38:28.310  INFO 1648 --- [main] o.s.s.web.DefaultSecurityFilterChain     : Creating filter chain: any request, [com.test.demo.alcomarket.security.CorsFilter@1f0b3cfe, org.springframework.security.web.context.request.async.WebAsyncManagerIntegrationFilter@1cfc2538, org.springframework.security.web.context.SecurityContextPersistenceFilter@3134153d, org.springframework.security.web.header.HeaderWriterFilter@4f8d86e4, org.springframework.security.web.authentication.logout.LogoutFilter@109f8c7e, org.springframework.security.web.authentication.UsernamePasswordAuthenticationFilter@2740e316, org.springframework.security.web.savedrequest.RequestCacheAwareFilter@5f5effb0, org.springframework.security.web.servletapi.SecurityContextHolderAwareRequestFilter@58c1da09, org.springframework.security.web.authentication.AnonymousAuthenticationFilter@66deec87, org.springframework.security.web.session.SessionManagementFilter@1697f2b3, org.springframework.security.web.access.ExceptionTranslationFilter@e38f0b7, org.springframework.security.web.access.intercept.FilterSecurityInterceptor@77dba4cd]
2020-08-04 16:38:29.211  INFO 1648 --- [main] o.s.b.a.w.s.WelcomePageHandlerMapping    : Adding welcome page template: index
2020-08-04 16:38:29.856  INFO 1648 --- [main] o.s.b.w.embedded.tomcat.TomcatWebServer  : Tomcat started on port(s): 8085 (http) with context path ''
2020-08-04 16:38:29.859  INFO 1648 --- [main] d.s.w.p.DocumentationPluginsBootstrapper : Context refreshed
2020-08-04 16:38:29.994  INFO 1648 --- [main] d.s.w.p.DocumentationPluginsBootstrapper : Found 1 custom documentation plugin(s)
2020-08-04 16:38:30.339  INFO 1648 --- [main] s.d.s.w.s.ApiListingReferenceScanner     : Scanning for api listing references
2020-08-04 16:38:31.155  INFO 1648 --- [main] .d.s.w.r.o.CachingOperationNameGenerator : Generating unique operation named: addNewUsingPOST_1
2020-08-04 16:38:31.227  INFO 1648 --- [main] .d.s.w.r.o.CachingOperationNameGenerator : Generating unique operation named: updateByIdUsingPUT_1
2020-08-04 16:38:31.430  INFO 1648 --- [main] .d.s.w.r.o.CachingOperationNameGenerator : Generating unique operation named: showAllUsingGET_1
2020-08-04 16:38:31.435  INFO 1648 --- [main] .d.s.w.r.o.CachingOperationNameGenerator : Generating unique operation named: showByIdUsingGET_1
2020-08-04 16:38:31.441  INFO 1648 --- [main] .d.s.w.r.o.CachingOperationNameGenerator : Generating unique operation named: showAllUsingGET_2
2020-08-04 16:38:31.445  INFO 1648 --- [main] .d.s.w.r.o.CachingOperationNameGenerator : Generating unique operation named: showByIdUsingGET_2
2020-08-04 16:38:31.636  INFO 1648 --- [main] DeferredRepositoryInitializationListener : Triggering deferred initialization of Spring Data repositories…
2020-08-04 16:38:32.354  INFO 1648 --- [task-1] com.zaxxer.hikari.HikariDataSource       : HikariPool-1 - Start completed.
2020-08-04 16:38:32.451  INFO 1648 --- [task-1] org.hibernate.dialect.Dialect            : HHH000400: Using dialect: org.hibernate.dialect.MySQL8Dialect
2020-08-04 16:38:37.820  INFO 1648 --- [task-1] o.h.e.t.j.p.i.JtaPlatformInitiator       : HHH000490: Using JtaPlatform implementation: [org.hibernate.engine.transaction.jta.platform.internal.NoJtaPlatform]
2020-08-04 16:38:37.875  INFO 1648 --- [task-1] j.LocalContainerEntityManagerFactoryBean : Initialized JPA EntityManagerFactory for persistence unit 'default'
2020-08-04 16:38:38.991  INFO 1648 --- [main] DeferredRepositoryInitializationListener : Spring Data repositories initialized!
2020-08-04 16:38:39.015  INFO 1648 --- [main] com.test.demo.DemoApplication            : Started DemoApplication in 28.818 seconds (JVM running for 33.104)
2020-08-04 16:39:38.321  INFO 1648 --- [http-nio-8085-exec-2] o.a.c.c.C.[Tomcat].[localhost].[/]       : Initializing Spring DispatcherServlet 'dispatcherServlet'
2020-08-04 16:39:38.322  INFO 1648 --- [http-nio-8085-exec-2] o.s.web.servlet.DispatcherServlet        : Initializing Servlet 'dispatcherServlet'
2020-08-04 16:39:38.362  INFO 1648 --- [http-nio-8085-exec-2] o.s.web.servlet.DispatcherServlet        : Completed initialization in 39 ms
